<?xml version="1.0" encoding="UTF-8"?>
<!-- Generated by org.testng.reporters.JUnitXMLReporter -->
<testsuite ignored="0" hostname="HP" failures="0" tests="3" name="LogintestDataProvider" time="16.683" errors="0" timestamp="2024-08-26T12:45:45 IST">
  <testcase classname="TestClasses.LoginTestDataProvider" name="loginDataProvider" time="1.528"/>
  <testcase classname="TestClasses.LoginTestDataProvider" name="loginDataProvider" time="2.005"/>
  <testcase classname="TestClasses.LoginTestDataProvider" name="loginDataProvider" time="1.837"/>
</testsuite> <!-- LogintestDataProvider -->
