<?xml version="1.0" encoding="UTF-8"?>
<!-- Generated by org.testng.reporters.JUnitXMLReporter -->
<testsuite ignored="0" hostname="HP" failures="0" tests="3" name="LogintestDataProvider" time="16.784" errors="0" timestamp="2024-08-26T12:48:58 IST">
  <testcase classname="TestClasses.LoginTestDataProvider" name="loginDataProvider" time="2.735"/>
  <testcase classname="TestClasses.LoginTestDataProvider" name="loginDataProvider" time="1.894"/>
  <testcase classname="TestClasses.LoginTestDataProvider" name="loginDataProvider" time="1.647"/>
</testsuite> <!-- LogintestDataProvider -->
